[    0.000000] Linux version 5.4.0-42-generic (buildd@lgw01-amd64-038) (gcc version 9.3.0 (Ubuntu 9.3.0-10ubuntu2)) #46-Ubuntu SMP Fri Jul 10 00:24:02 UTC 2020 (Ubuntu 5.4.0-42.46-generic 5.4.44)
[    0.000000] Command line: BOOT_IMAGE=/boot/vmlinuz-5.4.0-42-generic root=PARTUUID=704af516-01 ro console=tty1 console=ttyS0 panic=-1
[    0.000000] KERNEL supported cpus:
[    0.000000]   Intel GenuineIntel
[    0.000000]   AMD AuthenticAMD
[    0.000000]   Hygon HygonGenuine
[    0.000000]   Centaur CentaurHauls
[    0.000000]   zhaoxin   Shanghai  
[    0.000000] x86/fpu: Supporting XSAVE feature 0x001: 'x87 floating point registers'
[    0.000000] x86/fpu: Supporting XSAVE feature 0x002: 'SSE registers'
[    0.000000] x86/fpu: Supporting XSAVE feature 0x004: 'AVX registers'
[    0.000000] x86/fpu: xstate_offset[2]:  576, xstate_sizes[2]:  256
[    0.000000] x86/fpu: Enabled xstate features 0x7, context size is 832 bytes, using 'standard' format.
[    0.000000] BIOS-provided physical RAM map:
[    0.000000] BIOS-e820: [mem 0x0000000000000000-0x000000000009fbff] usable
[    0.000000] BIOS-e820: [mem 0x000000000009fc00-0x000000000009ffff] reserved
[    0.000000] BIOS-e820: [mem 0x00000000000f0000-0x00000000000fffff] reserved
[    0.000000] BIOS-e820: [mem 0x0000000000100000-0x00000000df3effff] usable
[    0.000000] BIOS-e820: [mem 0x00000000df3f0000-0x00000000df3fffff] ACPI data
[    0.000000] BIOS-e820: [mem 0x00000000fec00000-0x00000000fec00fff] reserved
[    0.000000] BIOS-e820: [mem 0x00000000fee00000-0x00000000fee00fff] reserved
[    0.000000] BIOS-e820: [mem 0x00000000fffc0000-0x00000000ffffffff] reserved
[    0.000000] NX (Execute Disable) protection: active
[    0.000000] SMBIOS 2.5 present.
[    0.000000] DMI: innotek GmbH VirtualBox/VirtualBox, BIOS VirtualBox 12/01/2006
[    0.000000] Hypervisor detected: KVM
[    0.000000] kvm-clock: Using msrs 4b564d01 and 4b564d00
[    0.000000] kvm-clock: cpu 0, msr 9da01001, primary cpu clock
[    0.000000] kvm-clock: using sched offset of 3658370033 cycles
[    0.000003] clocksource: kvm-clock: mask: 0xffffffffffffffff max_cycles: 0x1cd42e4dffb, max_idle_ns: 881590591483 ns
[    0.000005] tsc: Detected 2594.088 MHz processor
[    0.003633] last_pfn = 0xdf3f0 max_arch_pfn = 0x400000000
[    0.003651] Disabled
[    0.003652] x86/PAT: MTRRs disabled, skipping PAT initialization too.
[    0.003655] CPU MTRRs all blank - virtualized system.
[    0.003658] x86/PAT: Configuration [0-7]: WB  WT  UC- UC  WB  WT  UC- UC  
[    0.003736] found SMP MP-table at [mem 0x0009fff0-0x0009ffff]
[    0.200574] check: Scanning 1 areas for low memory corruption
[    0.200838] ACPI: Early table checksum verification disabled
[    0.200844] ACPI: RSDP 0x00000000000E0000 000024 (v02 VBOX  )
[    0.200849] ACPI: XSDT 0x00000000DF3F0030 00003C (v01 VBOX   VBOXXSDT 00000001 ASL  00000061)
[    0.200856] ACPI: FACP 0x00000000DF3F00F0 0000F4 (v04 VBOX   VBOXFACP 00000001 ASL  00000061)
[    0.200863] ACPI: DSDT 0x00000000DF3F04A0 002325 (v02 VBOX   VBOXBIOS 00000002 INTL 20100528)
[    0.200867] ACPI: FACS 0x00000000DF3F0200 000040
[    0.200870] ACPI: FACS 0x00000000DF3F0200 000040
[    0.200874] ACPI: APIC 0x00000000DF3F0240 00008C (v02 VBOX   VBOXAPIC 00000001 ASL  00000061)
[    0.200877] ACPI: SSDT 0x00000000DF3F02D0 0001CC (v01 VBOX   VBOXCPUT 00000002 INTL 20100528)
[    0.201171] No NUMA configuration found
[    0.201173] Faking a node at [mem 0x0000000000000000-0x00000000df3effff]
[    0.201181] NODE_DATA(0) allocated [mem 0xdf3c5000-0xdf3effff]
[    0.201357] Zone ranges:
[    0.201358]   DMA      [mem 0x0000000000001000-0x0000000000ffffff]
[    0.201359]   DMA32    [mem 0x0000000001000000-0x00000000df3effff]
[    0.201360]   Normal   empty
[    0.201361]   Device   empty
[    0.201362] Movable zone start for each node
[    0.201364] Early memory node ranges
[    0.201365]   node   0: [mem 0x0000000000001000-0x000000000009efff]
[    0.201366]   node   0: [mem 0x0000000000100000-0x00000000df3effff]
[    0.203513] Zeroed struct page in unavailable ranges: 3186 pages
[    0.203516] Initmem setup node 0 [mem 0x0000000000001000-0x00000000df3effff]
[    0.230386] ACPI: PM-Timer IO Port: 0x4008
[    0.230462] IOAPIC[0]: apic_id 8, version 32, address 0xfec00000, GSI 0-23
[    0.230466] ACPI: INT_SRC_OVR (bus 0 bus_irq 0 global_irq 2 dfl dfl)
[    0.230468] ACPI: INT_SRC_OVR (bus 0 bus_irq 9 global_irq 9 low level)
[    0.230473] Using ACPI (MADT) for SMP configuration information
[    0.230481] smpboot: Allowing 8 CPUs, 0 hotplug CPUs
[    0.230504] PM: Registered nosave memory: [mem 0x00000000-0x00000fff]
[    0.230505] PM: Registered nosave memory: [mem 0x0009f000-0x0009ffff]
[    0.230506] PM: Registered nosave memory: [mem 0x000a0000-0x000effff]
[    0.230507] PM: Registered nosave memory: [mem 0x000f0000-0x000fffff]
[    0.230508] [mem 0xdf400000-0xfebfffff] available for PCI devices
[    0.230509] Booting paravirtualized kernel on KVM
[    0.230513] clocksource: refined-jiffies: mask: 0xffffffff max_cycles: 0xffffffff, max_idle_ns: 7645519600211568 ns
[    0.230516] setup_percpu: NR_CPUS:8192 nr_cpumask_bits:8 nr_cpu_ids:8 nr_node_ids:1
[    0.231820] percpu: Embedded 54 pages/cpu s184320 r8192 d28672 u262144
[    0.231851] PV qspinlock hash table entries: 256 (order: 0, 4096 bytes, linear)
[    0.231857] Built 1 zonelists, mobility grouping on.  Total pages: 900009
[    0.231858] Policy zone: DMA32
[    0.231860] Kernel command line: BOOT_IMAGE=/boot/vmlinuz-5.4.0-42-generic root=PARTUUID=704af516-01 ro console=tty1 console=ttyS0 panic=-1
[    0.234165] Dentry cache hash table entries: 524288 (order: 10, 4194304 bytes, linear)
[    0.235348] Inode-cache hash table entries: 262144 (order: 9, 2097152 bytes, linear)
[    0.235499] mem auto-init: stack:off, heap alloc:on, heap free:off
[    0.243621] Memory: 3558920K/3657272K available (14339K kernel code, 2397K rwdata, 4952K rodata, 2712K init, 4992K bss, 98352K reserved, 0K cma-reserved)
[    0.243630] random: get_random_u64 called from kmem_cache_open+0x2d/0x410 with crng_init=0
[    0.244984] SLUB: HWalign=64, Order=0-3, MinObjects=0, CPUs=8, Nodes=1
[    0.244997] Kernel/User page tables isolation: enabled
[    0.245020] ftrace: allocating 44488 entries in 174 pages
[    0.260192] rcu: Hierarchical RCU implementation.
[    0.260196] rcu: 	RCU restricting CPUs from NR_CPUS=8192 to nr_cpu_ids=8.
[    0.260197] 	Tasks RCU enabled.
[    0.260198] rcu: RCU calculated value of scheduler-enlistment delay is 25 jiffies.
[    0.260199] rcu: Adjusting geometry for rcu_fanout_leaf=16, nr_cpu_ids=8
[    0.262828] NR_IRQS: 524544, nr_irqs: 488, preallocated irqs: 16
[    0.263490] random: crng done (trusting CPU's manufacturer)
[    0.275198] Console: colour VGA+ 80x25
[    0.300962] printk: console [tty1] enabled
[    0.431446] printk: console [ttyS0] enabled
[    0.432562] ACPI: Core revision 20190816
[    0.433740] APIC: Switch to symmetric I/O mode setup
[    0.435220] x2apic enabled
[    0.436149] Switched APIC routing to physical x2apic.
[    0.438398] ..TIMER: vector=0x30 apic1=0 pin1=2 apic2=-1 pin2=-1
[    0.439945] clocksource: tsc-early: mask: 0xffffffffffffffff max_cycles: 0x25646b981d7, max_idle_ns: 440795327688 ns
[    0.442509] Calibrating delay loop (skipped) preset value.. 5188.17 BogoMIPS (lpj=10376352)
[    0.444549] pid_max: default: 32768 minimum: 301
[    0.446559] LSM: Security Framework initializing
[    0.447712] Yama: becoming mindful.
[    0.448687] AppArmor: AppArmor initialized
[    0.450081] Mount-cache hash table entries: 8192 (order: 4, 65536 bytes, linear)
[    0.450516] Mountpoint-cache hash table entries: 8192 (order: 4, 65536 bytes, linear)
[    0.452455] *** VALIDATE tmpfs ***
[    0.454643] *** VALIDATE proc ***
[    0.455598] *** VALIDATE cgroup1 ***
[    0.456531] *** VALIDATE cgroup2 ***
[    0.458632] Last level iTLB entries: 4KB 512, 2MB 8, 4MB 8
[    0.460057] Last level dTLB entries: 4KB 512, 2MB 32, 4MB 32, 1GB 0
[    0.461584] Spectre V1 : Mitigation: usercopy/swapgs barriers and __user pointer sanitization
[    0.462509] Spectre V2 : Mitigation: Full generic retpoline
[    0.463895] Spectre V2 : Spectre v2 / SpectreRSB mitigation: Filling RSB on context switch
[    0.466508] Speculative Store Bypass: Vulnerable
[    0.467742] SRBDS: Unknown: Dependent on hypervisor status
[    0.469200] MDS: Mitigation: Clear CPU buffers
[    0.470657] Freeing SMP alternatives memory: 40K
[    0.582656] smpboot: CPU0: Intel(R) Core(TM) i7-3720QM CPU @ 2.60GHz (family: 0x6, model: 0x3a, stepping: 0x9)
[    0.585322] Performance Events: unsupported p6 CPU model 58 no PMU driver, software events only.
[    0.586545] rcu: Hierarchical SRCU implementation.
[    0.588274] NMI watchdog: Perf NMI watchdog permanently disabled
[    0.589829] smp: Bringing up secondary CPUs ...
[    0.590625] x86: Booting SMP configuration:
[    0.591669] .... node  #0, CPUs:      #1
[    0.175071] kvm-clock: cpu 1, msr 9da01041, secondary cpu clock
[    0.597007]  #2
[    0.175071] kvm-clock: cpu 2, msr 9da01081, secondary cpu clock
[    0.601836]  #3
[    0.175071] kvm-clock: cpu 3, msr 9da010c1, secondary cpu clock
[    0.605246]  #4
[    0.175071] kvm-clock: cpu 4, msr 9da01101, secondary cpu clock
[    0.610629]  #5
[    0.175071] kvm-clock: cpu 5, msr 9da01141, secondary cpu clock
[    0.614624]  #6
[    0.175071] kvm-clock: cpu 6, msr 9da01181, secondary cpu clock
[    0.618621]  #7
[    0.175071] kvm-clock: cpu 7, msr 9da011c1, secondary cpu clock
[    0.622758] smp: Brought up 1 node, 8 CPUs
[    0.627651] smpboot: Max logical packages: 1
[    0.628853] smpboot: Total of 8 processors activated (41505.40 BogoMIPS)
[    0.631732] devtmpfs: initialized
[    0.631732] x86/mm: Memory block size: 128MB
[    0.634661] clocksource: jiffies: mask: 0xffffffff max_cycles: 0xffffffff, max_idle_ns: 7645041785100000 ns
[    0.637144] futex hash table entries: 2048 (order: 5, 131072 bytes, linear)
[    0.638621] pinctrl core: initialized pinctrl subsystem
[    0.638639] PM: RTC time: 21:17:02, date: 2020-08-23
[    0.640456] NET: Registered protocol family 16
[    0.641810] audit: initializing netlink subsys (disabled)
[    0.642543] audit: type=2000 audit(1598217427.398:1): state=initialized audit_enabled=0 res=1
[    0.642646] EISA bus registered
[    0.647421] cpuidle: using governor ladder
[    0.647664] cpuidle: using governor menu
[    0.648790] ACPI: bus type PCI registered
[    0.650513] acpiphp: ACPI Hot Plug PCI Controller Driver version: 0.5
[    0.652447] PCI: Using configuration type 1 for base access
[    0.658596] HugeTLB registered 2.00 MiB page size, pre-allocated 0 pages
[    0.678806] ACPI: Added _OSI(Module Device)
[    0.680490] ACPI: Added _OSI(Processor Device)
[    0.681667] ACPI: Added _OSI(3.0 _SCP Extensions)
[    0.682512] ACPI: Added _OSI(Processor Aggregator Device)
[    0.684048] ACPI: Added _OSI(Linux-Dell-Video)
[    0.685218] ACPI: Added _OSI(Linux-Lenovo-NV-HDMI-Audio)
[    0.686511] ACPI: Added _OSI(Linux-HPI-Hybrid-Graphics)
[    0.691158] ACPI: 2 ACPI AML tables successfully acquired and loaded
[    0.695198] ACPI: Interpreter enabled
[    0.696504] ACPI: (supports S0 S5)
[    0.697518] ACPI: Using IOAPIC for interrupt routing
[    0.698793] PCI: Using host bridge windows from ACPI; if necessary, use "pci=nocrs" and report a bug
[    0.701736] ACPI: Enabled 2 GPEs in block 00 to 07
[    0.710506] ACPI: PCI Root Bridge [PCI0] (domain 0000 [bus 00-ff])
[    0.714516] acpi PNP0A03:00: _OSC: OS supports [ASPM ClockPM Segments MSI HPX-Type3]
[    0.715076] acpi PNP0A03:00: _OSC: not requesting OS control; OS requires [ExtendedConfig ASPM ClockPM MSI]
[    0.718537] acpi PNP0A03:00: fail to add MMCONFIG information, can't access extended PCI configuration space under this bridge.
[    0.722307] PCI host bridge to bus 0000:00
[    0.722513] pci_bus 0000:00: root bus resource [io  0x0000-0x0cf7 window]
[    0.724319] pci_bus 0000:00: root bus resource [io  0x0d00-0xffff window]
[    0.726510] pci_bus 0000:00: root bus resource [mem 0x000a0000-0x000bffff window]
[    0.728614] pci_bus 0000:00: root bus resource [mem 0xdf400000-0xfdffffff window]
[    0.730511] pci_bus 0000:00: root bus resource [bus 00-ff]
[    0.732132] pci 0000:00:00.0: [8086:1237] type 00 class 0x060000
[    0.736085] pci 0000:00:01.0: [8086:7000] type 00 class 0x060100
[    0.738973] pci 0000:00:01.1: [8086:7111] type 00 class 0x01018a
[    0.741331] pci 0000:00:01.1: reg 0x20: [io  0xd000-0xd00f]
[    0.742787] pci 0000:00:01.1: legacy IDE quirk: reg 0x10: [io  0x01f0-0x01f7]
[    0.744717] pci 0000:00:01.1: legacy IDE quirk: reg 0x14: [io  0x03f6]
[    0.746513] pci 0000:00:01.1: legacy IDE quirk: reg 0x18: [io  0x0170-0x0177]
[    0.748652] pci 0000:00:01.1: legacy IDE quirk: reg 0x1c: [io  0x0376]
[    0.751270] pci 0000:00:02.0: [80ee:beef] type 00 class 0x030000
[    0.758888] pci 0000:00:02.0: reg 0x10: [mem 0xe0000000-0xe0ffffff pref]
[    0.786786] pci 0000:00:03.0: [8086:100e] type 00 class 0x020000
[    0.790727] pci 0000:00:03.0: reg 0x10: [mem 0xf0000000-0xf001ffff]
[    0.797169] pci 0000:00:03.0: reg 0x18: [io  0xd010-0xd017]
[    0.816643] pci 0000:00:04.0: [80ee:cafe] type 00 class 0x088000
[    0.820644] pci 0000:00:04.0: reg 0x10: [io  0xd020-0xd03f]
[    0.824604] pci 0000:00:04.0: reg 0x14: [mem 0xf0400000-0xf07fffff]
[    0.828681] pci 0000:00:04.0: reg 0x18: [mem 0xf0800000-0xf0803fff pref]
[    0.847955] pci 0000:00:05.0: [8086:2415] type 00 class 0x040100
[    0.850744] pci 0000:00:05.0: reg 0x10: [io  0xd100-0xd1ff]
[    0.852402] pci 0000:00:05.0: reg 0x14: [io  0xd200-0xd23f]
[    0.855598] pci 0000:00:07.0: [8086:7113] type 00 class 0x068000
[    0.858121] pci 0000:00:07.0: quirk: [io  0x4000-0x403f] claimed by PIIX4 ACPI
[    0.858534] pci 0000:00:07.0: quirk: [io  0x4100-0x410f] claimed by PIIX4 SMB
[    0.862873] pci 0000:00:08.0: [8086:100e] type 00 class 0x020000
[    0.866765] pci 0000:00:08.0: reg 0x10: [mem 0xf0820000-0xf083ffff]
[    0.874707] pci 0000:00:08.0: reg 0x18: [io  0xd240-0xd247]
[    0.898506] pci 0000:00:14.0: [1000:0030] type 00 class 0x010000
[    0.900579] pci 0000:00:14.0: reg 0x10: [io  0xd300-0xd3ff]
[    0.904579] pci 0000:00:14.0: reg 0x14: [mem 0xf0840000-0xf085ffff]
[    0.914959] pci 0000:00:14.0: reg 0x18: [mem 0xf0860000-0xf087ffff]
[    0.937321] ACPI: PCI Interrupt Link [LNKA] (IRQs 5 9 10 *11)
[    0.939078] ACPI: PCI Interrupt Link [LNKB] (IRQs 5 9 *10 11)
[    0.942704] ACPI: PCI Interrupt Link [LNKC] (IRQs 5 *9 10 11)
[    0.944568] ACPI: PCI Interrupt Link [LNKD] (IRQs 5 9 10 *11)
[    0.946750] iommu: Default domain type: Translated 
[    0.948448] SCSI subsystem initialized
[    0.949584] pci 0000:00:02.0: vgaarb: setting as boot VGA device
[    0.949584] pci 0000:00:02.0: vgaarb: VGA device added: decodes=io+mem,owns=io+mem,locks=none
[    0.950517] pci 0000:00:02.0: vgaarb: bridge control possible
[    0.952374] vgaarb: loaded
[    0.954552] ACPI: bus type USB registered
[    0.956333] usbcore: registered new interface driver usbfs
[    0.957895] usbcore: registered new interface driver hub
[    0.958568] usbcore: registered new device driver usb
[    0.960240] pps_core: LinuxPPS API ver. 1 registered
[    0.962520] pps_core: Software ver. 5.3.6 - Copyright 2005-2007 Rodolfo Giometti <giometti@linux.it>
[    0.965822] PTP clock support registered
[    0.966607] EDAC MC: Ver: 3.0.0
[    0.968209] PCI: Using ACPI for IRQ routing
[    0.971068] NetLabel: Initializing
[    0.972005] NetLabel:  domain hash size = 128
[    0.973195] NetLabel:  protocols = UNLABELED CIPSOv4 CALIPSO
[    0.974527] NetLabel:  unlabeled traffic allowed by default
[    0.976014] clocksource: Switched to clocksource kvm-clock
[    0.996907] *** VALIDATE bpf ***
[    0.998002] VFS: Disk quotas dquot_6.6.0
[    0.999223] VFS: Dquot-cache hash table entries: 512 (order 0, 4096 bytes)
[    1.000942] *** VALIDATE ramfs ***
[    1.001838] *** VALIDATE hugetlbfs ***
[    1.003252] AppArmor: AppArmor Filesystem Enabled
[    1.004623] pnp: PnP ACPI init
[    1.007172] pnp: PnP ACPI: found 3 devices
[    1.017148] thermal_sys: Registered thermal governor 'fair_share'
[    1.017150] thermal_sys: Registered thermal governor 'bang_bang'
[    1.018719] thermal_sys: Registered thermal governor 'step_wise'
[    1.020269] thermal_sys: Registered thermal governor 'user_space'
[    1.021739] thermal_sys: Registered thermal governor 'power_allocator'
[    1.027887] clocksource: acpi_pm: mask: 0xffffff max_cycles: 0xffffff, max_idle_ns: 2085701024 ns
[    1.032235] pci_bus 0000:00: resource 4 [io  0x0000-0x0cf7 window]
[    1.033779] pci_bus 0000:00: resource 5 [io  0x0d00-0xffff window]
[    1.035324] pci_bus 0000:00: resource 6 [mem 0x000a0000-0x000bffff window]
[    1.037004] pci_bus 0000:00: resource 7 [mem 0xdf400000-0xfdffffff window]
[    1.038758] NET: Registered protocol family 2
[    1.040105] tcp_listen_portaddr_hash hash table entries: 2048 (order: 3, 32768 bytes, linear)
[    1.043866] TCP established hash table entries: 32768 (order: 6, 262144 bytes, linear)
[    1.047122] TCP bind hash table entries: 32768 (order: 7, 524288 bytes, linear)
[    1.050103] TCP: Hash tables configured (established 32768 bind 32768)
[    1.052379] UDP hash table entries: 2048 (order: 4, 65536 bytes, linear)
[    1.054097] UDP-Lite hash table entries: 2048 (order: 4, 65536 bytes, linear)
[    1.056247] NET: Registered protocol family 1
[    1.057373] NET: Registered protocol family 44
[    1.058562] pci 0000:00:00.0: Limiting direct PCI/PCI transfers
[    1.060195] pci 0000:00:01.0: Activating ISA DMA hang workarounds
[    1.061944] pci 0000:00:02.0: Video device with shadowed ROM at [mem 0x000c0000-0x000dffff]
[    1.064212] PCI: CLS 0 bytes, default 64
[    1.065397] clocksource: tsc: mask: 0xffffffffffffffff max_cycles: 0x25646b981d7, max_idle_ns: 440795327688 ns
[    1.068349] clocksource: Switched to clocksource tsc
[    1.069701] platform rtc_cmos: registered platform RTC device (no PNP device found)
[    1.071805] check: Scanning for low memory corruption every 60 seconds
[    1.074469] Initialise system trusted keyrings
[    1.075735] Key type blacklist registered
[    1.076977] workingset: timestamp_bits=36 max_order=20 bucket_order=0
[    1.079928] zbud: loaded
[    1.082557] squashfs: version 4.0 (2009/01/31) Phillip Lougher
[    1.084654] fuse: init (API version 7.31)
[    1.085719] *** VALIDATE fuse ***
[    1.086606] *** VALIDATE fuse ***
[    1.087801] Platform Keyring initialized
[    1.092427] Key type asymmetric registered
[    1.093563] Asymmetric key parser 'x509' registered
[    1.094984] Block layer SCSI generic (bsg) driver version 0.4 loaded (major 244)
[    1.097061] io scheduler mq-deadline registered
[    1.099270] shpchp: Standard Hot Plug PCI Controller Driver version: 0.4
[    1.101790] ACPI: AC Adapter [AC] (on-line)
[    1.103356] input: Power Button as /devices/LNXSYSTM:00/LNXPWRBN:00/input/input0
[    1.105463] ACPI: Power Button [PWRF]
[    1.106521] input: Sleep Button as /devices/LNXSYSTM:00/LNXSLPBN:00/input/input1
[    1.108582] ACPI: Sleep Button [SLPF]
[    1.111035] Serial: 8250/16550 driver, 32 ports, IRQ sharing enabled
[    1.111696] battery: ACPI: Battery Slot [BAT0] (battery present)
[    1.134830] 00:02: ttyS0 at I/O 0x3f8 (irq = 4, base_baud = 115200) is a 16550A
[    1.140975] Linux agpgart interface v0.103
[    1.147394] loop: module loaded
[    1.149303] scsi host0: ata_piix
[    1.150932] scsi host1: ata_piix
[    1.151847] ata1: PATA max UDMA/33 cmd 0x1f0 ctl 0x3f6 bmdma 0xd000 irq 14
[    1.153570] ata2: PATA max UDMA/33 cmd 0x170 ctl 0x376 bmdma 0xd008 irq 15
[    1.155498] libphy: Fixed MDIO Bus: probed
[    1.156758] tun: Universal TUN/TAP device driver, 1.6
[    1.158186] PPP generic driver version 2.4.2
[    1.159565] VFIO - User Level meta-driver version: 0.3
[    1.161325] ehci_hcd: USB 2.0 'Enhanced' Host Controller (EHCI) Driver
[    1.163291] ehci-pci: EHCI PCI platform driver
[    1.164475] ehci-platform: EHCI generic platform driver
[    1.166018] ohci_hcd: USB 1.1 'Open' Host Controller (OHCI) Driver
[    1.167657] ohci-pci: OHCI PCI platform driver
[    1.168816] ohci-platform: OHCI generic platform driver
[    1.170148] uhci_hcd: USB Universal Host Controller Interface driver
[    1.171896] i8042: PNP: PS/2 Controller [PNP0303:PS2K,PNP0f03:PS2M] at 0x60,0x64 irq 1,12
[    1.174500] serio: i8042 KBD port at 0x60,0x64 irq 1
[    1.175837] serio: i8042 AUX port at 0x60,0x64 irq 12
[    1.177607] mousedev: PS/2 mouse device common for all mice
[    1.179683] input: AT Translated Set 2 keyboard as /devices/platform/i8042/serio0/input/input2
[    1.182772] rtc_cmos rtc_cmos: registered as rtc0
[    1.183985] rtc_cmos rtc_cmos: alarms up to one day, 114 bytes nvram
[    1.185539] i2c /dev entries driver
[    1.186464] device-mapper: uevent: version 1.0.3
[    1.187889] device-mapper: ioctl: 4.41.0-ioctl (2019-09-16) initialised: dm-devel@redhat.com
[    1.189966] platform eisa.0: Probing EISA bus 0
[    1.191227] platform eisa.0: EISA: Cannot allocate resource for mainboard
[    1.192923] platform eisa.0: Cannot allocate resource for EISA slot 1
[    1.194485] platform eisa.0: Cannot allocate resource for EISA slot 2
[    1.196133] platform eisa.0: Cannot allocate resource for EISA slot 3
[    1.197689] platform eisa.0: Cannot allocate resource for EISA slot 4
[    1.199362] platform eisa.0: Cannot allocate resource for EISA slot 5
[    1.201081] platform eisa.0: Cannot allocate resource for EISA slot 6
[    1.202702] platform eisa.0: Cannot allocate resource for EISA slot 7
[    1.204374] platform eisa.0: Cannot allocate resource for EISA slot 8
[    1.205974] platform eisa.0: EISA: Detected 0 cards
[    1.207331] intel_pstate: CPU model not supported
[    1.209379] ledtrig-cpu: registered to indicate activity on CPUs
[    1.212859] drop_monitor: Initializing network drop monitor service
[    1.214784] NET: Registered protocol family 10
[    1.217908] Segment Routing with IPv6
[    1.219043] NET: Registered protocol family 17
[    1.220351] Key type dns_resolver registered
[    1.223754] RAS: Correctable Errors collector initialized.
[    1.225114] IPI shorthand broadcast: enabled
[    1.226197] sched_clock: Marking stable (1052634531, 171071678)->(1230502429, -6796220)
[    1.228893] registered taskstats version 1
[    1.229998] Loading compiled-in X.509 certificates
[    1.232531] Loaded X.509 cert 'Build time autogenerated kernel key: 9e1aeb581c5145b0cc48f50fdf6e09edec23120f'
[    1.235239] zswap: loaded using pool lzo/zbud
[    1.236992] Key type ._fscrypt registered
[    1.238050] Key type .fscrypt registered
[    1.240613] Key type big_key registered
[    1.242605] Key type encrypted registered
[    1.243695] AppArmor: AppArmor sha1 policy hashing enabled
[    1.245152] ima: No TPM chip found, activating TPM-bypass!
[    1.246521] ima: Allocated hash algorithm: sha1
[    1.247799] ima: No architecture policies found
[    1.248964] evm: Initialising EVM extended attributes:
[    1.250298] evm: security.selinux
[    1.251220] evm: security.SMACK64
[    1.252157] evm: security.SMACK64EXEC
[    1.253107] evm: security.SMACK64TRANSMUTE
[    1.254165] evm: security.SMACK64MMAP
[    1.255206] evm: security.apparmor
[    1.256094] evm: security.ima
[    1.256867] evm: security.capability
[    1.257775] evm: HMAC attrs: 0x1
[    1.258934] PM:   Magic number: 0:689:298
[    1.260255] rtc_cmos rtc_cmos: setting system clock to 2020-08-23T21:17:02 UTC (1598217422)
[    1.340046] md: Waiting for all devices to be available before autodetect
[    1.341874] md: If you don't use raid, use raid=noautodetect
[    1.343812] md: Autodetecting RAID arrays.
[    1.344929] md: autorun ...
[    1.345675] md: ... autorun DONE.
[    1.346637] VFS: Cannot open root device "PARTUUID=704af516-01" or unknown-block(0,0): error -6
[    1.348813] Please append a correct "root=" boot option; here are the available partitions:
[    1.350867] Kernel panic - not syncing: VFS: Unable to mount root fs on unknown-block(0,0)
[    1.353239] CPU: 5 PID: 1 Comm: swapper/0 Not tainted 5.4.0-42-generic #46-Ubuntu
[    1.355359] Hardware name: innotek GmbH VirtualBox/VirtualBox, BIOS VirtualBox 12/01/2006
[    1.357501] Call Trace:
[    1.358819]  dump_stack+0x6d/0x9a
[    1.359759]  panic+0x101/0x2e3
[    1.360640]  mount_block_root+0x23f/0x2e8
[    1.361722]  mount_root+0x38/0x3a
[    1.362624]  prepare_namespace+0x13f/0x194
[    1.363717]  kernel_init_freeable+0x231/0x255
[    1.364868]  ? rest_init+0xb0/0xb0
[    1.365834]  kernel_init+0xe/0x100
[    1.366892]  ret_from_fork+0x35/0x40
[    1.368216] Kernel Offset: 0x1d800000 from 0xffffffff81000000 (relocation range: 0xffffffff80000000-0xffffffffbfffffff)
[    1.371115] ACPI MEMORY or I/O RESET_REG.
[    0.000000] Linux version 5.4.0-42-generic (buildd@lgw01-amd64-038) (gcc version 9.3.0 (Ubuntu 9.3.0-10ubuntu2)) #46-Ubuntu SMP Fri Jul 10 00:24:02 UTC 2020 (Ubuntu 5.4.0-42.46-generic 5.4.44)
[    0.000000] Command line: BOOT_IMAGE=/boot/vmlinuz-5.4.0-42-generic root=PARTUUID=704af516-01 ro console=tty1 console=ttyS0
[    0.000000] KERNEL supported cpus:
[    0.000000]   Intel GenuineIntel
[    0.000000]   AMD AuthenticAMD
[    0.000000]   Hygon HygonGenuine
[    0.000000]   Centaur CentaurHauls
[    0.000000]   zhaoxin   Shanghai  
[    0.000000] x86/fpu: Supporting XSAVE feature 0x001: 'x87 floating point registers'
[    0.000000] x86/fpu: Supporting XSAVE feature 0x002: 'SSE registers'
[    0.000000] x86/fpu: Supporting XSAVE feature 0x004: 'AVX registers'
[    0.000000] x86/fpu: xstate_offset[2]:  576, xstate_sizes[2]:  256
[    0.000000] x86/fpu: Enabled xstate features 0x7, context size is 832 bytes, using 'standard' format.
[    0.000000] BIOS-provided physical RAM map:
[    0.000000] BIOS-e820: [mem 0x0000000000000000-0x000000000009fbff] usable
[    0.000000] BIOS-e820: [mem 0x000000000009fc00-0x000000000009ffff] reserved
[    0.000000] BIOS-e820: [mem 0x00000000000f0000-0x00000000000fffff] reserved
[    0.000000] BIOS-e820: [mem 0x0000000000100000-0x00000000df3effff] usable
[    0.000000] BIOS-e820: [mem 0x00000000df3f0000-0x00000000df3fffff] ACPI data
[    0.000000] BIOS-e820: [mem 0x00000000fec00000-0x00000000fec00fff] reserved
[    0.000000] BIOS-e820: [mem 0x00000000fee00000-0x00000000fee00fff] reserved
[    0.000000] BIOS-e820: [mem 0x00000000fffc0000-0x00000000ffffffff] reserved
[    0.000000] NX (Execute Disable) protection: active
[    0.000000] SMBIOS 2.5 present.
[    0.000000] DMI: innotek GmbH VirtualBox/VirtualBox, BIOS VirtualBox 12/01/2006
[    0.000000] Hypervisor detected: KVM
[    0.000000] kvm-clock: Using msrs 4b564d01 and 4b564d00
[    0.000000] kvm-clock: cpu 0, msr 40801001, primary cpu clock
[    0.000000] kvm-clock: using sched offset of 9875924858 cycles
[    0.000003] clocksource: kvm-clock: mask: 0xffffffffffffffff max_cycles: 0x1cd42e4dffb, max_idle_ns: 881590591483 ns
[    0.000007] tsc: Detected 2594.088 MHz processor
[    0.005401] last_pfn = 0xdf3f0 max_arch_pfn = 0x400000000
[    0.005421] Disabled
[    0.005422] x86/PAT: MTRRs disabled, skipping PAT initialization too.
[    0.005425] CPU MTRRs all blank - virtualized system.
[    0.005428] x86/PAT: Configuration [0-7]: WB  WT  UC- UC  WB  WT  UC- UC  
[    0.005528] found SMP MP-table at [mem 0x0009fff0-0x0009ffff]
[    0.195345] check: Scanning 1 areas for low memory corruption
[    0.195560] RAMDISK: [mem 0x34c8f000-0x3663efff]
[    0.195569] ACPI: Early table checksum verification disabled
[    0.195575] ACPI: RSDP 0x00000000000E0000 000024 (v02 VBOX  )
[    0.195588] ACPI: XSDT 0x00000000DF3F0030 00003C (v01 VBOX   VBOXXSDT 00000001 ASL  00000061)
[    0.195595] ACPI: FACP 0x00000000DF3F00F0 0000F4 (v04 VBOX   VBOXFACP 00000001 ASL  00000061)
[    0.195602] ACPI: DSDT 0x00000000DF3F04A0 002325 (v02 VBOX   VBOXBIOS 00000002 INTL 20100528)
[    0.195605] ACPI: FACS 0x00000000DF3F0200 000040
[    0.195609] ACPI: FACS 0x00000000DF3F0200 000040
[    0.195612] ACPI: APIC 0x00000000DF3F0240 00008C (v02 VBOX   VBOXAPIC 00000001 ASL  00000061)
[    0.195615] ACPI: SSDT 0x00000000DF3F02D0 0001CC (v01 VBOX   VBOXCPUT 00000002 INTL 20100528)
[    0.195892] No NUMA configuration found
[    0.195893] Faking a node at [mem 0x0000000000000000-0x00000000df3effff]
[    0.195901] NODE_DATA(0) allocated [mem 0xdf3c5000-0xdf3effff]
[    0.196078] Zone ranges:
[    0.196079]   DMA      [mem 0x0000000000001000-0x0000000000ffffff]
[    0.196080]   DMA32    [mem 0x0000000001000000-0x00000000df3effff]
[    0.196081]   Normal   empty
[    0.196082]   Device   empty
[    0.196083] Movable zone start for each node
[    0.196085] Early memory node ranges
[    0.196086]   node   0: [mem 0x0000000000001000-0x000000000009efff]
[    0.196087]   node   0: [mem 0x0000000000100000-0x00000000df3effff]
[    0.196760] Zeroed struct page in unavailable ranges: 3186 pages
[    0.196761] Initmem setup node 0 [mem 0x0000000000001000-0x00000000df3effff]
[    0.210363] ACPI: PM-Timer IO Port: 0x4008
[    0.210438] IOAPIC[0]: apic_id 8, version 32, address 0xfec00000, GSI 0-23
[    0.210442] ACPI: INT_SRC_OVR (bus 0 bus_irq 0 global_irq 2 dfl dfl)
[    0.210443] ACPI: INT_SRC_OVR (bus 0 bus_irq 9 global_irq 9 low level)
[    0.210449] Using ACPI (MADT) for SMP configuration information
[    0.210456] smpboot: Allowing 8 CPUs, 0 hotplug CPUs
[    0.210479] PM: Registered nosave memory: [mem 0x00000000-0x00000fff]
[    0.210480] PM: Registered nosave memory: [mem 0x0009f000-0x0009ffff]
[    0.210481] PM: Registered nosave memory: [mem 0x000a0000-0x000effff]
[    0.210482] PM: Registered nosave memory: [mem 0x000f0000-0x000fffff]
[    0.210484] [mem 0xdf400000-0xfebfffff] available for PCI devices
[    0.210485] Booting paravirtualized kernel on KVM
[    0.210488] clocksource: refined-jiffies: mask: 0xffffffff max_cycles: 0xffffffff, max_idle_ns: 7645519600211568 ns
[    0.210492] setup_percpu: NR_CPUS:8192 nr_cpumask_bits:8 nr_cpu_ids:8 nr_node_ids:1
[    0.211010] percpu: Embedded 54 pages/cpu s184320 r8192 d28672 u262144
[    0.211038] PV qspinlock hash table entries: 256 (order: 0, 4096 bytes, linear)
[    0.211080] Built 1 zonelists, mobility grouping on.  Total pages: 900009
[    0.211081] Policy zone: DMA32
[    0.211083] Kernel command line: BOOT_IMAGE=/boot/vmlinuz-5.4.0-42-generic root=PARTUUID=704af516-01 ro console=tty1 console=ttyS0
[    0.211956] Dentry cache hash table entries: 524288 (order: 10, 4194304 bytes, linear)
[    0.212417] Inode-cache hash table entries: 262144 (order: 9, 2097152 bytes, linear)
[    0.212557] mem auto-init: stack:off, heap alloc:on, heap free:off
[    0.221794] Memory: 3532616K/3657272K available (14339K kernel code, 2397K rwdata, 4952K rodata, 2712K init, 4992K bss, 124656K reserved, 0K cma-reserved)
[    0.221804] random: get_random_u64 called from kmem_cache_open+0x2d/0x410 with crng_init=0
[    0.222556] SLUB: HWalign=64, Order=0-3, MinObjects=0, CPUs=8, Nodes=1
[    0.222573] Kernel/User page tables isolation: enabled
[    0.222600] ftrace: allocating 44488 entries in 174 pages
[    0.241308] rcu: Hierarchical RCU implementation.
[    0.241312] rcu: 	RCU restricting CPUs from NR_CPUS=8192 to nr_cpu_ids=8.
[    0.241313] 	Tasks RCU enabled.
[    0.241314] rcu: RCU calculated value of scheduler-enlistment delay is 25 jiffies.
[    0.241315] rcu: Adjusting geometry for rcu_fanout_leaf=16, nr_cpu_ids=8
[    0.243960] NR_IRQS: 524544, nr_irqs: 488, preallocated irqs: 16
[    0.244482] random: crng done (trusting CPU's manufacturer)
[    0.253083] Console: colour VGA+ 80x25
[    0.278077] printk: console [tty1] enabled
[    0.411960] printk: console [ttyS0] enabled
[    0.413603] ACPI: Core revision 20190816
[    0.414946] APIC: Switch to symmetric I/O mode setup
[    0.416392] x2apic enabled
[    0.417310] Switched APIC routing to physical x2apic.
[    0.419563] ..TIMER: vector=0x30 apic1=0 pin1=2 apic2=-1 pin2=-1
[    0.421150] clocksource: tsc-early: mask: 0xffffffffffffffff max_cycles: 0x25646b981d7, max_idle_ns: 440795327688 ns
[    0.423748] Calibrating delay loop (skipped) preset value.. 5188.17 BogoMIPS (lpj=10376352)
[    0.427749] pid_max: default: 32768 minimum: 301
[    0.431780] LSM: Security Framework initializing
[    0.433008] Yama: becoming mindful.
[    0.433949] AppArmor: AppArmor initialized
[    0.435024] Mount-cache hash table entries: 8192 (order: 4, 65536 bytes, linear)
[    0.435753] Mountpoint-cache hash table entries: 8192 (order: 4, 65536 bytes, linear)
[    0.437876] *** VALIDATE tmpfs ***
[    0.439895] *** VALIDATE proc ***
[    0.440807] *** VALIDATE cgroup1 ***
[    0.441711] *** VALIDATE cgroup2 ***
[    0.443864] Last level iTLB entries: 4KB 512, 2MB 8, 4MB 8
[    0.445301] Last level dTLB entries: 4KB 512, 2MB 32, 4MB 32, 1GB 0
[    0.446792] Spectre V1 : Mitigation: usercopy/swapgs barriers and __user pointer sanitization
[    0.447748] Spectre V2 : Mitigation: Full generic retpoline
[    0.449110] Spectre V2 : Spectre v2 / SpectreRSB mitigation: Filling RSB on context switch
[    0.451747] Speculative Store Bypass: Vulnerable
[    0.452879] SRBDS: Unknown: Dependent on hypervisor status
[    0.454254] MDS: Mitigation: Clear CPU buffers
[    0.455914] Freeing SMP alternatives memory: 40K
[    0.566654] smpboot: CPU0: Intel(R) Core(TM) i7-3720QM CPU @ 2.60GHz (family: 0x6, model: 0x3a, stepping: 0x9)
[    0.567744] Performance Events: unsupported p6 CPU model 58 no PMU driver, software events only.
[    0.567785] rcu: Hierarchical SRCU implementation.
[    0.569520] NMI watchdog: Perf NMI watchdog permanently disabled
[    0.571860] smp: Bringing up secondary CPUs ...
[    0.573125] x86: Booting SMP configuration:
[    0.574186] .... node  #0, CPUs:      #1
[    0.179290] kvm-clock: cpu 1, msr 40801041, secondary cpu clock
[    0.578104]  #2
[    0.179290] kvm-clock: cpu 2, msr 40801081, secondary cpu clock
[    0.582479]  #3
[    0.179290] kvm-clock: cpu 3, msr 408010c1, secondary cpu clock
[    0.587777]  #4
[    0.179290] kvm-clock: cpu 4, msr 40801101, secondary cpu clock
[    0.591872]  #5
[    0.179290] kvm-clock: cpu 5, msr 40801141, secondary cpu clock
[    0.595870]  #6
[    0.179290] kvm-clock: cpu 6, msr 40801181, secondary cpu clock
[    0.599883]  #7
[    0.179290] kvm-clock: cpu 7, msr 408011c1, secondary cpu clock
[    0.603973] smp: Brought up 1 node, 8 CPUs
[    0.607750] smpboot: Max logical packages: 1
[    0.608962] smpboot: Total of 8 processors activated (41505.40 BogoMIPS)
[    0.613120] devtmpfs: initialized
[    0.613120] x86/mm: Memory block size: 128MB
[    0.616126] clocksource: jiffies: mask: 0xffffffff max_cycles: 0xffffffff, max_idle_ns: 7645041785100000 ns
[    0.616126] futex hash table entries: 2048 (order: 5, 131072 bytes, linear)
[    0.619756] pinctrl core: initialized pinctrl subsystem
[    0.619868] PM: RTC time: 21:17:08, date: 2020-08-23
[    0.621591] NET: Registered protocol family 16
[    0.622868] audit: initializing netlink subsys (disabled)
[    0.627750] EISA bus registered
[    0.627760] audit: type=2000 audit(1598217439.791:1): state=initialized audit_enabled=0 res=1
[    0.631029] cpuidle: using governor ladder
[    0.631748] cpuidle: using governor menu
[    0.631748] ACPI: bus type PCI registered
[    0.631748] acpiphp: ACPI Hot Plug PCI Controller Driver version: 0.5
[    0.635747] PCI: Using configuration type 1 for base access
[    0.639831] HugeTLB registered 2.00 MiB page size, pre-allocated 0 pages
[    0.659901] ACPI: Added _OSI(Module Device)
[    0.659901] ACPI: Added _OSI(Processor Device)
[    0.660874] ACPI: Added _OSI(3.0 _SCP Extensions)
[    0.662284] ACPI: Added _OSI(Processor Aggregator Device)
[    0.663749] ACPI: Added _OSI(Linux-Dell-Video)
[    0.665055] ACPI: Added _OSI(Linux-Lenovo-NV-HDMI-Audio)
[    0.666482] ACPI: Added _OSI(Linux-HPI-Hybrid-Graphics)
[    0.669812] ACPI: 2 ACPI AML tables successfully acquired and loaded
[    0.673941] ACPI: Interpreter enabled
[    0.675047] ACPI: (supports S0 S5)
[    0.675749] ACPI: Using IOAPIC for interrupt routing
[    0.677447] PCI: Using host bridge windows from ACPI; if necessary, use "pci=nocrs" and report a bug
[    0.679912] ACPI: Enabled 2 GPEs in block 00 to 07
[    0.689327] ACPI: PCI Root Bridge [PCI0] (domain 0000 [bus 00-ff])
[    0.691256] acpi PNP0A03:00: _OSC: OS supports [ASPM ClockPM Segments MSI HPX-Type3]
[    0.696295] acpi PNP0A03:00: _OSC: not requesting OS control; OS requires [ExtendedConfig ASPM ClockPM MSI]
[    0.696295] acpi PNP0A03:00: fail to add MMCONFIG information, can't access extended PCI configuration space under this bridge.
[    0.700394] PCI host bridge to bus 0000:00
[    0.701693] pci_bus 0000:00: root bus resource [io  0x0000-0x0cf7 window]
[    0.703748] pci_bus 0000:00: root bus resource [io  0x0d00-0xffff window]
[    0.705556] pci_bus 0000:00: root bus resource [mem 0x000a0000-0x000bffff window]
[    0.707748] pci_bus 0000:00: root bus resource [mem 0xdf400000-0xfdffffff window]
[    0.709846] pci_bus 0000:00: root bus resource [bus 00-ff]
[    0.711831] pci 0000:00:00.0: [8086:1237] type 00 class 0x060000
[    0.715606] pci 0000:00:01.0: [8086:7000] type 00 class 0x060100
[    0.721288] pci 0000:00:01.1: [8086:7111] type 00 class 0x01018a
[    0.721288] pci 0000:00:01.1: reg 0x20: [io  0xd000-0xd00f]
[    0.722464] pci 0000:00:01.1: legacy IDE quirk: reg 0x10: [io  0x01f0-0x01f7]
[    0.727750] pci 0000:00:01.1: legacy IDE quirk: reg 0x14: [io  0x03f6]
[    0.729602] pci 0000:00:01.1: legacy IDE quirk: reg 0x18: [io  0x0170-0x0177]
[    0.731749] pci 0000:00:01.1: legacy IDE quirk: reg 0x1c: [io  0x0376]
[    0.732487] pci 0000:00:02.0: [80ee:beef] type 00 class 0x030000
[    0.736078] pci 0000:00:02.0: reg 0x10: [mem 0xe0000000-0xe0ffffff pref]
[    0.761681] pci 0000:00:03.0: [8086:100e] type 00 class 0x020000
[    0.764126] pci 0000:00:03.0: reg 0x10: [mem 0xf0000000-0xf001ffff]
[    0.771916] pci 0000:00:03.0: reg 0x18: [io  0xd010-0xd017]
[    0.785155] pci 0000:00:04.0: [80ee:cafe] type 00 class 0x088000
[    0.787977] pci 0000:00:04.0: reg 0x10: [io  0xd020-0xd03f]
[    0.792040] pci 0000:00:04.0: reg 0x14: [mem 0xf0400000-0xf07fffff]
[    0.795918] pci 0000:00:04.0: reg 0x18: [mem 0xf0800000-0xf0803fff pref]
[    0.808570] pci 0000:00:05.0: [8086:2415] type 00 class 0x040100
[    0.810561] pci 0000:00:05.0: reg 0x10: [io  0xd100-0xd1ff]
[    0.811862] pci 0000:00:05.0: reg 0x14: [io  0xd200-0xd23f]
[    0.815881] pci 0000:00:07.0: [8086:7113] type 00 class 0x068000
[    0.818347] pci 0000:00:07.0: quirk: [io  0x4000-0x403f] claimed by PIIX4 ACPI
[    0.819771] pci 0000:00:07.0: quirk: [io  0x4100-0x410f] claimed by PIIX4 SMB
[    0.822518] pci 0000:00:08.0: [8086:100e] type 00 class 0x020000
[    0.828301] pci 0000:00:08.0: reg 0x10: [mem 0xf0820000-0xf083ffff]
[    0.836678] pci 0000:00:08.0: reg 0x18: [io  0xd240-0xd247]
[    0.861753] pci 0000:00:14.0: [1000:0030] type 00 class 0x010000
[    0.864047] pci 0000:00:14.0: reg 0x10: [io  0xd300-0xd3ff]
[    0.867925] pci 0000:00:14.0: reg 0x14: [mem 0xf0840000-0xf085ffff]
[    0.871921] pci 0000:00:14.0: reg 0x18: [mem 0xf0860000-0xf087ffff]
[    0.890905] ACPI: PCI Interrupt Link [LNKA] (IRQs 5 9 10 *11)
[    0.892119] ACPI: PCI Interrupt Link [LNKB] (IRQs 5 9 *10 11)
[    0.894073] ACPI: PCI Interrupt Link [LNKC] (IRQs 5 *9 10 11)
[    0.895924] ACPI: PCI Interrupt Link [LNKD] (IRQs 5 9 10 *11)
[    0.900006] iommu: Default domain type: Translated 
[    0.901311] SCSI subsystem initialized
[    0.903788] pci 0000:00:02.0: vgaarb: setting as boot VGA device
[    0.905388] pci 0000:00:02.0: vgaarb: VGA device added: decodes=io+mem,owns=io+mem,locks=none
[    0.907751] pci 0000:00:02.0: vgaarb: bridge control possible
[    0.909296] vgaarb: loaded
[    0.910108] ACPI: bus type USB registered
[    0.911166] usbcore: registered new interface driver usbfs
[    0.911756] usbcore: registered new interface driver hub
[    0.913302] usbcore: registered new device driver usb
[    0.915792] pps_core: LinuxPPS API ver. 1 registered
[    0.917144] pps_core: Software ver. 5.3.6 - Copyright 2005-2007 Rodolfo Giometti <giometti@linux.it>
[    0.919487] PTP clock support registered
[    0.919845] EDAC MC: Ver: 3.0.0
[    0.921148] PCI: Using ACPI for IRQ routing
[    0.924248] NetLabel: Initializing
[    0.925207] NetLabel:  domain hash size = 128
[    0.926420] NetLabel:  protocols = UNLABELED CIPSOv4 CALIPSO
[    0.927765] NetLabel:  unlabeled traffic allowed by default
[    0.929258] clocksource: Switched to clocksource kvm-clock
[    0.946680] *** VALIDATE bpf ***
[    0.947803] VFS: Disk quotas dquot_6.6.0
[    0.949135] VFS: Dquot-cache hash table entries: 512 (order 0, 4096 bytes)
[    0.950864] *** VALIDATE ramfs ***
[    0.951764] *** VALIDATE hugetlbfs ***
[    0.952880] AppArmor: AppArmor Filesystem Enabled
[    0.954106] pnp: PnP ACPI init
[    0.956588] pnp: PnP ACPI: found 3 devices
[    0.966863] thermal_sys: Registered thermal governor 'fair_share'
[    0.966863] thermal_sys: Registered thermal governor 'bang_bang'
[    0.968428] thermal_sys: Registered thermal governor 'step_wise'
[    0.969910] thermal_sys: Registered thermal governor 'user_space'
[    0.971387] thermal_sys: Registered thermal governor 'power_allocator'
[    0.977501] clocksource: acpi_pm: mask: 0xffffff max_cycles: 0xffffff, max_idle_ns: 2085701024 ns
[    0.981261] pci_bus 0000:00: resource 4 [io  0x0000-0x0cf7 window]
[    0.982786] pci_bus 0000:00: resource 5 [io  0x0d00-0xffff window]
[    0.984275] pci_bus 0000:00: resource 6 [mem 0x000a0000-0x000bffff window]
[    0.985933] pci_bus 0000:00: resource 7 [mem 0xdf400000-0xfdffffff window]
[    0.987750] NET: Registered protocol family 2
[    0.989012] tcp_listen_portaddr_hash hash table entries: 2048 (order: 3, 32768 bytes, linear)
[    0.991094] TCP established hash table entries: 32768 (order: 6, 262144 bytes, linear)
[    0.993176] TCP bind hash table entries: 32768 (order: 7, 524288 bytes, linear)
[    0.995057] TCP: Hash tables configured (established 32768 bind 32768)
[    0.996864] UDP hash table entries: 2048 (order: 4, 65536 bytes, linear)
[    0.998486] UDP-Lite hash table entries: 2048 (order: 4, 65536 bytes, linear)
[    1.000362] NET: Registered protocol family 1
[    1.001500] NET: Registered protocol family 44
[    1.002645] pci 0000:00:00.0: Limiting direct PCI/PCI transfers
[    1.004108] pci 0000:00:01.0: Activating ISA DMA hang workarounds
[    1.005695] pci 0000:00:02.0: Video device with shadowed ROM at [mem 0x000c0000-0x000dffff]
[    1.007898] PCI: CLS 0 bytes, default 64
[    1.009073] Trying to unpack rootfs image as initramfs...
[    1.119459] Freeing initrd memory: 26304K
[    1.120763] clocksource: tsc: mask: 0xffffffffffffffff max_cycles: 0x25646b981d7, max_idle_ns: 440795327688 ns
[    1.124115] clocksource: Switched to clocksource tsc
[    1.126092] platform rtc_cmos: registered platform RTC device (no PNP device found)
[    1.128772] check: Scanning for low memory corruption every 60 seconds
[    1.132889] Initialise system trusted keyrings
[    1.134081] Key type blacklist registered
[    1.135312] workingset: timestamp_bits=36 max_order=20 bucket_order=0
[    1.138225] zbud: loaded
[    1.139271] squashfs: version 4.0 (2009/01/31) Phillip Lougher
[    1.141128] fuse: init (API version 7.31)
[    1.142470] *** VALIDATE fuse ***
[    1.143359] *** VALIDATE fuse ***
[    1.144423] Platform Keyring initialized
[    1.150307] Key type asymmetric registered
[    1.151409] Asymmetric key parser 'x509' registered
[    1.153032] Block layer SCSI generic (bsg) driver version 0.4 loaded (major 244)
[    1.155068] io scheduler mq-deadline registered
[    1.157350] shpchp: Standard Hot Plug PCI Controller Driver version: 0.4
[    1.159557] ACPI: AC Adapter [AC] (on-line)
[    1.160895] input: Power Button as /devices/LNXSYSTM:00/LNXPWRBN:00/input/input0
[    1.162876] ACPI: Power Button [PWRF]
[    1.164166] input: Sleep Button as /devices/LNXSYSTM:00/LNXSLPBN:00/input/input1
[    1.166072] ACPI: Sleep Button [SLPF]
[    1.167560] Serial: 8250/16550 driver, 32 ports, IRQ sharing enabled
[    1.169149] battery: ACPI: Battery Slot [BAT0] (battery present)
[    1.191717] 00:02: ttyS0 at I/O 0x3f8 (irq = 4, base_baud = 115200) is a 16550A
[    1.195010] Linux agpgart interface v0.103
[    1.199370] loop: module loaded
[    1.201581] scsi host0: ata_piix
[    1.202826] scsi host1: ata_piix
[    1.203744] ata1: PATA max UDMA/33 cmd 0x1f0 ctl 0x3f6 bmdma 0xd000 irq 14
[    1.205544] ata2: PATA max UDMA/33 cmd 0x170 ctl 0x376 bmdma 0xd008 irq 15
[    1.207347] libphy: Fixed MDIO Bus: probed
[    1.208558] tun: Universal TUN/TAP device driver, 1.6
[    1.209858] PPP generic driver version 2.4.2
[    1.210999] VFIO - User Level meta-driver version: 0.3
[    1.212615] ehci_hcd: USB 2.0 'Enhanced' Host Controller (EHCI) Driver
[    1.214274] ehci-pci: EHCI PCI platform driver
[    1.215397] ehci-platform: EHCI generic platform driver
[    1.216850] ohci_hcd: USB 1.1 'Open' Host Controller (OHCI) Driver
[    1.218333] ohci-pci: OHCI PCI platform driver
[    1.219515] ohci-platform: OHCI generic platform driver
[    1.221001] uhci_hcd: USB Universal Host Controller Interface driver
[    1.222664] i8042: PNP: PS/2 Controller [PNP0303:PS2K,PNP0f03:PS2M] at 0x60,0x64 irq 1,12
[    1.225372] serio: i8042 KBD port at 0x60,0x64 irq 1
[    1.226662] serio: i8042 AUX port at 0x60,0x64 irq 12
[    1.228052] mousedev: PS/2 mouse device common for all mice
[    1.230206] rtc_cmos rtc_cmos: registered as rtc0
[    1.231489] rtc_cmos rtc_cmos: alarms up to one day, 114 bytes nvram
[    1.233185] input: AT Translated Set 2 keyboard as /devices/platform/i8042/serio0/input/input2
[    1.235370] i2c /dev entries driver
[    1.236641] device-mapper: uevent: version 1.0.3
[    1.237884] device-mapper: ioctl: 4.41.0-ioctl (2019-09-16) initialised: dm-devel@redhat.com
[    1.240010] platform eisa.0: Probing EISA bus 0
[    1.241182] platform eisa.0: EISA: Cannot allocate resource for mainboard
[    1.242841] platform eisa.0: Cannot allocate resource for EISA slot 1
[    1.244569] platform eisa.0: Cannot allocate resource for EISA slot 2
[    1.246186] platform eisa.0: Cannot allocate resource for EISA slot 3
[    1.247773] platform eisa.0: Cannot allocate resource for EISA slot 4
[    1.249376] platform eisa.0: Cannot allocate resource for EISA slot 5
[    1.250936] platform eisa.0: Cannot allocate resource for EISA slot 6
[    1.252591] platform eisa.0: Cannot allocate resource for EISA slot 7
[    1.254159] platform eisa.0: Cannot allocate resource for EISA slot 8
[    1.256324] platform eisa.0: EISA: Detected 0 cards
[    1.257573] intel_pstate: CPU model not supported
[    1.259647] ledtrig-cpu: registered to indicate activity on CPUs
[    1.261392] drop_monitor: Initializing network drop monitor service
[    1.263165] NET: Registered protocol family 10
[    1.275441] Segment Routing with IPv6
[    1.276719] NET: Registered protocol family 17
[    1.278061] Key type dns_resolver registered
[    1.280351] RAS: Correctable Errors collector initialized.
[    1.281790] IPI shorthand broadcast: enabled
[    1.282885] sched_clock: Marking stable (1104981022, 175290879)->(1280093834, 178067)
[    1.285374] registered taskstats version 1
[    1.286463] Loading compiled-in X.509 certificates
[    1.290337] Loaded X.509 cert 'Build time autogenerated kernel key: 9e1aeb581c5145b0cc48f50fdf6e09edec23120f'
[    1.293389] zswap: loaded using pool lzo/zbud
[    1.295025] Key type ._fscrypt registered
[    1.296329] Key type .fscrypt registered
[    1.308211] Key type big_key registered
[    1.314522] Key type encrypted registered
[    1.315607] AppArmor: AppArmor sha1 policy hashing enabled
[    1.317270] ima: No TPM chip found, activating TPM-bypass!
[    1.318636] ima: Allocated hash algorithm: sha1
[    1.319778] ima: No architecture policies found
[    1.321215] evm: Initialising EVM extended attributes:
[    1.322583] evm: security.selinux
[    1.323473] evm: security.SMACK64
[    1.324690] evm: security.SMACK64EXEC
[    1.325653] evm: security.SMACK64TRANSMUTE
[    1.326718] evm: security.SMACK64MMAP
[    1.327636] evm: security.apparmor
[    1.328809] evm: security.ima
[    1.329591] evm: security.capability
[    1.330498] evm: HMAC attrs: 0x1
[    1.331598] PM:   Magic number: 0:689:298
[    1.333084] rtc_cmos rtc_cmos: setting system clock to 2020-08-23T21:17:09 UTC (1598217429)
[    1.393791] Freeing unused decrypted memory: 2040K
[    1.395695] Freeing unused kernel image memory: 2712K
[    1.397215] Write protecting the kernel read-only data: 22528k
[    1.399599] Freeing unused kernel image memory: 2008K
[    1.401486] Freeing unused kernel image memory: 1192K
[    1.410616] x86/mm: Checked W+X mappings: passed, no W+X pages found.
[    1.412577] x86/mm: Checking user space page tables
[    1.423108] x86/mm: Checked W+X mappings: passed, no W+X pages found.
[    1.425918] Run /init as init process
Loading, please wait...
Starting version 245.4-4ubuntu3.1
[    1.534157] e1000: Intel(R) PRO/1000 Network Driver - version 7.3.21-k8-NAPI
[    1.541134] e1000: Copyright (c) 1999-2006 Intel Corporation.
[    1.553216] Fusion MPT base driver 3.04.20
[    1.554753] Copyright (c) 1999-2008 LSI Corporation
[    1.564388] cryptd: max_cpu_qlen set to 1000
[    1.577044] AVX version of gcm_enc/dec engaged.
[    1.578985] AES CTR mode by8 optimization enabled
[    1.586102] Fusion MPT SPI Host driver 3.04.20
[    1.588961] mptbase: ioc0: Initiating bringup
[    1.696476] ioc0: LSI53C1030 A0: Capabilities={Initiator}
[    1.782127] input: ImExPS/2 Generic Explorer Mouse as /devices/platform/i8042/serio1/input/input4
[    1.994493] scsi host2: ioc0: LSI53C1030 A0, FwRev=00000000h, Ports=1, MaxQ=256, IRQ=20
[    2.027409] e1000 0000:00:03.0 eth0: (PCI:33MHz:32-bit) 02:77:db:e3:99:5a
[    2.029157] e1000 0000:00:03.0 eth0: Intel(R) PRO/1000 Network Connection
[    2.168311] scsi 2:0:0:0: Direct-Access     VBOX     HARDDISK         1.0  PQ: 0 ANSI: 5
[    2.283870] scsi target2:0:0: Beginning Domain Validation
[    2.288022] scsi target2:0:0: Domain Validation skipping write tests
[    2.289655] scsi target2:0:0: Ending Domain Validation
[    2.291131] scsi target2:0:0: asynchronous
[    2.293145] scsi 2:0:1:0: Direct-Access     VBOX     HARDDISK         1.0  PQ: 0 ANSI: 5
[    2.477330] scsi target2:0:1: Beginning Domain Validation
[    2.482815] scsi target2:0:1: Domain Validation skipping write tests
[    2.485345] scsi target2:0:1: Ending Domain Validation
[    2.487358] scsi target2:0:1: asynchronous
[    2.494128] e1000 0000:00:08.0 eth1: (PCI:33MHz:32-bit) 08:00:27:24:88:d0
[    2.494684] sd 2:0:0:0: Attached scsi generic sg0 type 0
[    2.494842] sd 2:0:0:0: [sda] 83886080 512-byte logical blocks: (42.9 GB/40.0 GiB)
[    2.494937] sd 2:0:0:0: [sda] Write Protect is off
[    2.495031] sd 2:0:0:0: [sda] Incomplete mode parameter data
[    2.495032] sd 2:0:0:0: [sda] Assuming drive cache: write through
[    2.496151] e1000 0000:00:08.0 eth1: Intel(R) PRO/1000 Network Connection
[    2.497874] sd 2:0:1:0: Attached scsi generic sg1 type 0
[    2.498174] sd 2:0:1:0: [sdb] 20480 512-byte logical blocks: (10.5 MB/10.0 MiB)
[    2.498232] sd 2:0:1:0: [sdb] Write Protect is off
[    2.498478] sd 2:0:1:0: [sdb] Incomplete mode parameter data
[    2.498480] sd 2:0:1:0: [sdb] Assuming drive cache: write through
[    2.502630] e1000 0000:00:08.0 enp0s8: renamed from eth1
[    2.519395]  sda: sda1
[    2.521683] sd 2:0:0:0: [sda] Attached SCSI disk
[    2.523426] sd 2:0:1:0: [sdb] Attached SCSI disk
[    2.528348] e1000 0000:00:03.0 enp0s3: renamed from eth0
Begin: Loading essential drivers ... [    3.823932] raid6: sse2x4   gen() 13191 MB/s
[    3.871971] raid6: sse2x4   xor()  9115 MB/s
[    3.920480] raid6: sse2x2   gen() 11173 MB/s
[    3.967951] raid6: sse2x2   xor()  7702 MB/s
[    4.016032] raid6: sse2x1   gen()  9293 MB/s
[    4.063893] raid6: sse2x1   xor()  6571 MB/s
[    4.065182] raid6: using algorithm sse2x4 gen() 13191 MB/s
[    4.066578] raid6: .... xor() 9115 MB/s, rmw enabled
[    4.068299] raid6: using ssse3x2 recovery algorithm
[    4.070947] xor: automatically using best checksumming function   avx       
[    4.074258] async_tx: api initialized (async)
done.
Begin: Running /scripts/init-premount ... done.
Begin: Mounting root file system ... Begin: Running /scripts/local-top ... done.
Begin: Running /scripts/local-premount ... [    4.131732] Btrfs loaded, crc32c=crc32c-intel
Scanning for Btrfs filesystems
done.
Warning: fsck not present, so skipping root file system
[    4.167783] EXT4-fs (sda1): INFO: recovery required on readonly filesystem
[    4.169719] EXT4-fs (sda1): write access will be enabled during recovery
[    4.251391] EXT4-fs (sda1): recovery complete
[    4.253045] EXT4-fs (sda1): mounted filesystem with ordered data mode. Opts: (null)
done.
Begin: Running /scripts/local-bottom ... done.
Begin: Running /scripts/init-bottom ... done.
[    4.449551] systemd[1]: Inserted module 'autofs4'
[    4.466935] systemd[1]: systemd 245.4-4ubuntu3.1 running in system mode. (+PAM +AUDIT +SELINUX +IMA +APPARMOR +SMACK +SYSVINIT +UTMP +LIBCRYPTSETUP +GCRYPT +GNUTLS +ACL +XZ +LZ4 +SECCOMP +BLKID +ELFUTILS +KMOD +IDN2 -IDN +PCRE2 default-hierarchy=hybrid)
[    4.472641] systemd[1]: Detected virtualization oracle.
[    4.474014] systemd[1]: Detected architecture x86-64.

Welcome to [1mUbuntu 20.04 LTS[0m!

[    4.568778] systemd[1]: Set hostname to <ubuntu-focal>.
[    4.781246] systemd[1]: /lib/systemd/system/dbus.socket:5: ListenStream= references a path below legacy directory /var/run/, updating /var/run/dbus/system_bus_socket  /run/dbus/system_bus_socket; please update the unit file accordingly.
[    4.878479] systemd[1]: Created slice system-modprobe.slice.
[[0;32m  OK  [0m] Created slice [0;1;39msystem-modprobe.slice[0m.
[    4.882108] systemd[1]: Created slice system-serial\x2dgetty.slice.
[[0;32m  OK  [0m] Created slice [0;1;39msystem-serial\x2dgetty.slice[0m.
[    4.885346] systemd[1]: Created slice User and Session Slice.
[[0;32m  OK  [0m] Created slice [0;1;39mUser and Session Slice[0m.
[    4.888121] systemd[1]: Started ntp-systemd-netif.path.
[[0;32m  OK  [0m] Started [0;1;39mntp-systemd-netif.path[0m.
[    4.890400] systemd[1]: Started Forward Password Requests to Wall Directory Watch.
[[0;32m  OK  [0m] Started [0;1;39mForward Password Ruests to Wall Directory Watch[0m.
[    4.894279] systemd[1]: Set up automount Arbitrary Executable File Formats File System Automount Point.
[[0;32m  OK  [0m] Set up automount [0;1;39mArbitrarys File System Automount Point[0m.
[    4.898262] systemd[1]: Reached target User and Group Name Lookups.
[[0;32m  OK  [0m] Reached target [0;1;39mUser and Group Name Lookups[0m.
[    4.901106] systemd[1]: Reached target Slices.
[[0;32m  OK  [0m] Reached target [0;1;39mSlices[0m.
[    4.912507] systemd[1]: Reached target Swap.
[[0;32m  OK  [0m] Reached target [0;1;39mSwap[0m.
[    4.914972] systemd[1]: Listening on Device-mapper event daemon FIFOs.
[[0;32m  OK  [0m] Listening on [0;1;39mDevice-mapper event daemon FIFOs[0m.
[    4.918201] systemd[1]: Listening on LVM2 poll daemon socket.
[[0;32m  OK  [0m] Listening on [0;1;39mLVM2 poll daemon socket[0m.
[    5.100425] systemd[1]: Listening on multipathd control socket.
[[0;32m  OK  [0m] Listening on [0;1;39mmultipathd control socket[0m.
[    5.116889] systemd[1]: Listening on Syslog Socket.
[[0;32m  OK  [0m] Listening on [0;1;39mSyslog Socket[0m.
[    5.120531] systemd[1]: Listening on initctl Compatibility Named Pipe.
[[0;32m  OK  [0m] Listening on [0;1;39minitctl Compatibility Named Pipe[0m.
[    5.125178] systemd[1]: Listening on Journal Audit Socket.
[[0;32m  OK  [0m] Listening on [0;1;39mJournal Audit Socket[0m.
[    5.128782] systemd[1]: Listening on Journal Socket (/dev/log).
[[0;32m  OK  [0m] Listening on [0;1;39mJournal Socket (/dev/log)[0m.
[    5.132630] systemd[1]: Listening on Journal Socket.
[[0;32m  OK  [0m] Listening on [0;1;39mJournal Socket[0m.
[    5.135864] systemd[1]: Listening on Network Service Netlink Socket.
[[0;32m  OK  [0m] Listening on [0;1;39mNetwork Service Netlink Socket[0m.
[    5.412390] systemd[1]: Listening on udev Control Socket.
[[0;32m  OK  [0m] Listening on [0;1;39mudev Control Socket[0m.
[    5.416221] systemd[1]: Listening on udev Kernel Socket.
[[0;32m  OK  [0m] Listening on [0;1;39mudev Kernel Socket[0m.
[    5.421086] systemd[1]: Mounting Huge Pages File System...
         Mounting [0;1;39mHuge Pages File System[0m...
[    5.425699] systemd[1]: Mounting POSIX Message Queue File System...
         Mounting [0;1;39mPOSIX Message Queue File System[0m...
[    5.430181] systemd[1]: Mounting Kernel Debug File System...
         Mounting [0;1;39mKernel Debug File System[0m...
[    5.445664] systemd[1]: Mounting Kernel Trace File System...
         Mounting [0;1;39mKernel Trace File System[0m...
[    5.450413] systemd[1]: Starting Journal Service...
         Starting [0;1;39mJournal Service[0m...
[    5.456035] systemd[1]: Starting Set the console keyboard layout...
         Starting [0;1;39mSet the console keyboard layout[0m...
[    5.460963] systemd[1]: Starting Create list of static device nodes for the current kernel...
         Starting [0;1;39mCreate list of stodes for the current kernel[0m...
[    5.466749] systemd[1]: Starting Monitoring of LVM2 mirrors, snapshots etc. using dmeventd or progress polling...
         Starting [0;1;39mMonitoring of LVMmeventd or progress polling[0m...
[    5.473587] systemd[1]: Starting Load Kernel Module drm...
         Starting [0;1;39mLoad Kernel Module drm[0m...
[    5.479462] systemd[1]: Condition check resulted in Set Up Additional Binary Formats being skipped.
[    5.486380] systemd[1]: Starting Load Kernel Modules...
         Starting [0;1;39mLoad Kernel Modules[0m...
[    5.491206] systemd[1]: Starting Remount Root and Kernel File Systems...
         Starting [0;1;39mRemount Root and Kernel File Systems[0m...
[    5.497850] systemd[1]: Starting udev Coldplug all Devices...
         Starting [0;1;39mudev Coldplug all Devices[0m...
[    5.505393] systemd[1]: Starting Uncomplicated firewall...
[    5.506416] EXT4-fs (sda1): re-mounted. Opts: (null)
         Starting [0;1;39mUncomplicated firewall[0m...
[    5.513961] systemd[1]: Mounted Huge Pages File System.
[[0;32m  OK  [0m] Mounted [0;1;39mHuge Pages File System[0m.
[    5.520544] systemd[1]: Mounted POSIX Message Queue File System.
[[0;32m  OK  [0m] Mounted [0;1;39mPOSIX Message Queue File System[0m.
[    5.524585] systemd[1]: Mounted Kernel Debug File System.
[[0;32m  OK  [0m] Mounted [0;1;39mKernel Debug File System[0m.
[    5.528272] systemd[1]: Mounted Kernel Trace File System.
[[0;32m  OK  [0m] Mounted [0;1;39mKernel Trace File System[0m.
[    5.533198] systemd[1]: Finished Create list of static device nodes for the current kernel.
[[0;32m  OK  [0m] Finished [0;1;39mCreate list of st nodes for the current kernel[0m.
[    5.538110] systemd[1]: Finished Set the console keyboard layout.
[[0;32m  OK  [0m] Finished [0;1;39mSet the console keyboard layout[0m.
[    5.553097] systemd[1]: Started Journal Service.
[[0;32m  OK  [0m] Started [0;1;39mJournal Service[0m.
[[0;32m  OK  [0m] Finished [0;1;39mLoad Kernel Module drm[0m.
[[0;32m  OK  [0m] Finished [0;1;39mLoad Kernel Modules[0m.
[[0;32m  OK  [0m] Finished [0;1;39mRemount Root and Kernel File Systems[0m.
[[0;32m  OK  [0m] Finished [0;1;39mMonitoring of LVM dmeventd or progress polling[0m.
[[0;32m  OK  [0m] Finished [0;1;39mUncomplicated firewall[0m.
         Mounting [0;1;39mFUSE Control File System[0m...
         Mounting [0;1;39mKernel Configuration File System[0m...
         Starting [0;1;39mFlush Journal to Persistent Storage[0m...
[    5.594415] systemd-journald[472]: Received client request to flush runtime journal.
[    5.600130] systemd-journald[472]: File /var/log/journal/52bca8608cbc48db869f8be486ec6ee5/system.journal corrupted or uncleanly shut down, renaming and replacing.
         Starting [0;1;39mLoad/Save Random Seed[0m...
         Starting [0;1;39mApply Kernel Variables[0m...
         Starting [0;1;39mCreate System Users[0m...
[[0;32m  OK  [0m] Mounted [0;1;39mFUSE Control File System[0m.
[[0;32m  OK  [0m] Finished [0;1;39mudev Coldplug all Devices[0m.
[[0;32m  OK  [0m] Mounted [0;1;39mKernel Configuration File System[0m.
[[0;32m  OK  [0m] Finished [0;1;39mLoad/Save Random Seed[0m.
         Starting [0;1;39mudev Wait for Complete Device Initialization[0m...
[[0;32m  OK  [0m] Finished [0;1;39mApply Kernel Variables[0m.
[[0;32m  OK  [0m] Finished [0;1;39mFlush Journal to Persistent Storage[0m.
[[0;32m  OK  [0m] Finished [0;1;39mCreate System Users[0m.
         Starting [0;1;39mCreate Static Device Nodes in /dev[0m...
[[0;32m  OK  [0m] Finished [0;1;39mCreate Static Device Nodes in /dev[0m.
         Starting [0;1;39mudev Kernel Device Manager[0m...
[[0;32m  OK  [0m] Started [0;1;39mudev Kernel Device Manager[0m.
[[0;32m  OK  [0m] Started [0;1;39mDispatch Password ts to Console Directory Watch[0m.
[[0;32m  OK  [0m] Reached target [0;1;39mLocal Encrypted Volumes[0m.
[[0;32m  OK  [0m] Found device [0;1;39m/dev/ttyS0[0m.
[[0;32m  OK  [0m] Listening on [0;1;39mLoad/Save RF itch Status /dev/rfkill Watch[0m.
[[0;32m  OK  [0m] Finished [0;1;39mudev Wait for Complete Device Initialization[0m.
         Starting [0;1;39mDevice-Mapper Multipath Device Controller[0m...
[[0;32m  OK  [0m] Started [0;1;39mDevice-Mapper Multipath Device Controller[0m.
[[0;32m  OK  [0m] Reached target [0;1;39mLocal File Systems (Pre)[0m.
         Mounting [0;1;39mMount unit for core18, revision 1880[0m...
         Mounting [0;1;39mMount unit for core18, revision 1885[0m...
         Mounting [0;1;39mMount unit for lxd, revision 16723[0m...
         Mounting [0;1;39mMount unit for lxd, revision 16926[0m...
         Mounting [0;1;39mMount unit for snapd, revision 8542[0m...
         Mounting [0;1;39mMount unit for snapd, revision 8790[0m...
[[0;32m  OK  [0m] Mounted [0;1;39mMount unit for core18, revision 1885[0m.
[[0;32m  OK  [0m] Mounted [0;1;39mMount unit for core18, revision 1880[0m.
[[0;32m  OK  [0m] Mounted [0;1;39mMount unit for lxd, revision 16723[0m.
[[0;32m  OK  [0m] Mounted [0;1;39mMount unit for lxd, revision 16926[0m.
[[0;32m  OK  [0m] Mounted [0;1;39mMount unit for snapd, revision 8542[0m.
[[0;32m  OK  [0m] Mounted [0;1;39mMount unit for snapd, revision 8790[0m.
[[0;32m  OK  [0m] Reached target [0;1;39mLocal File Systems[0m.
         Starting [0;1;39mLoad AppArmor profiles[0m...
         Starting [0;1;39mSet console font and keymap[0m...
         Starting [0;1;39mCreate final runtdir for shutdown pivot root[0m...
         Starting [0;1;39mTell Plymouth To Write Out Runtime Data[0m...
         Starting [0;1;39mCreate Volatile Files and Directories[0m...
[[0;32m  OK  [0m] Finished [0;1;39mSet console font and keymap[0m.
[[0;32m  OK  [0m] Finished [0;1;39mCreate final runte dir for shutdown pivot root[0m.
[[0;32m  OK  [0m] Finished [0;1;39mTell Plymouth To Write Out Runtime Data[0m.
[[0;32m  OK  [0m] Finished [0;1;39mLoad AppArmor profiles[0m.
[[0;32m  OK  [0m] Finished [0;1;39mCreate Volatile Files and Directories[0m.
         Starting [0;1;39mTell Plymouth To Write Out Runtime Data[0m...
         Starting [0;1;39mLoad AppArmor promanaged internally by snapd[0m...
         Starting [0;1;39mUpdate UTMP about System Boot/Shutdown[0m...
         Starting [0;1;39mInitial cloud-init job (pre-networking)[0m...
[[0;32m  OK  [0m] Finished [0;1;39mTell Plymouth To Write Out Runtime Data[0m.
[[0;32m  OK  [0m] Finished [0;1;39mUpdate UTMP about System Boot/Shutdown[0m.
[[0;32m  OK  [0m] Finished [0;1;39mLoad AppArmor pros managed internally by snapd[0m.
[    7.509816] cloud-init[673]: Cloud-init v. 20.1-10-g71af48df-0ubuntu5 running 'init-local' at Sun, 23 Aug 2020 21:17:15 +0000. Up 7.30 seconds.
[[0;32m  OK  [0m] Finished [0;1;39mInitial cloud-init job (pre-networking)[0m.
[[0;32m  OK  [0m] Reached target [0;1;39mNetwork (Pre)[0m.
         Starting [0;1;39mNetwork Service[0m...
[[0;32m  OK  [0m] Started [0;1;39mNetwork Service[0m.
         Starting [0;1;39mWait for Network to be Configured[0m...
         Starting [0;1;39mNetwork Name Resolution[0m...
[[0;32m  OK  [0m] Started [0;1;39mNetwork Name Resolution[0m.
[[0;32m  OK  [0m] Reached target [0;1;39mNetwork[0m.
[[0;32m  OK  [0m] Reached target [0;1;39mHost and Network Name Lookups[0m.
[[0;32m  OK  [0m] Finished [0;1;39mWait for Network to be Configured[0m.
         Starting [0;1;39mInitial cloud-ini (metadata service crawler)[0m...
[   10.121074] cloud-init[702]: Cloud-init v. 20.1-10-g71af48df-0ubuntu5 running 'init' at Sun, 23 Aug 2020 21:17:18 +0000. Up 9.97 seconds.
[   10.136730] cloud-init[702]: ci-info: ++++++++++++++++++++++++++++++++++++++Net device info+++++++++++++++++++++++++++++++++++++++
[   10.139140] cloud-init[702]: ci-info: +--------+------+-----------------------------+---------------+--------+-------------------+
[   10.152732] cloud-init[702]: ci-info: | Device |  Up  |           Address           |      Mask     | Scope  |     Hw-Address    |
[   10.168867] cloud-init[702]: ci-info: +--------+------+-----------------------------+---------------+--------+-------------------+
[   10.170553] cloud-init[702]: ci-info: | enp0s3 | True |          10.0.2.15          | 255.255.255.0 | global | 02:77:db:e3:99:5a |
[   10.172664] cloud-init[702]: ci-info: | enp0s3 | True |  fe80::77:dbff:fee3:995a/64 |       .       |  link  | 02:77:db:e3:99:5a |
[   10.175410] cloud-init[702]: ci-info: | enp0s8 | True |         172.28.128.4        | 255.255.255.0 | global | 08:00:27:24:88:d0 |
[   10.178139] cloud-init[702]: ci-info: | enp0s8 | True | fe80::a00:27ff:fe24:88d0/64 |       .       |  link  | 08:00:27:24:88:d0 |
[   10.180189] cloud-init[702]: ci-info: |   lo   | True |          127.0.0.1          |   255.0.0.0   |  host  |         .         |
[   10.182853] cloud-init[702]: ci-info: |   lo   | True |           ::1/128           |       .       |  host  |         .         |
[   10.185415] cloud-init[702]: ci-info: +--------+------+-----------------------------+---------------+--------+-------------------+
[   10.187803] cloud-init[702]: ci-info: +++++++++++++++++++++++++++++Route IPv4 info+++++++++++++++++++++++++++++
[   10.189930] cloud-init[702]: ci-info: +-------+--------------+----------+-----------------+-----------+-------+
[   10.192174] cloud-init[702]: ci-info: | Route | Destination  | Gateway  |     Genmask     | Interface | Flags |
[   10.194498] cloud-init[702]: ci-info: +-------+--------------+----------+-----------------+-----------+-------+
[   10.197085] cloud-init[702]: ci-info: |   0   |   0.0.0.0    | 10.0.2.2 |     0.0.0.0     |   enp0s3  |   UG  |
[   10.208922] cloud-init[702]: ci-info: |   1   |   10.0.2.0   | 0.0.0.0  |  255.255.255.0  |   enp0s3  |   U   |
[   10.211322] cloud-init[702]: ci-info: |   2   |   10.0.2.2   | 0.0.0.0  | 255.255.255.255 |   enp0s3  |   UH  |
[   10.213840] cloud-init[702]: ci-info: |   3   | 172.28.128.0 | 0.0.0.0  |  255.255.255.0  |   enp0s8  |   U   |
[   10.216565] cloud-init[702]: ci-info: +-------+--------------+----------+-----------------+-----------+-------+
[   10.218836] cloud-init[702]: ci-info: +++++++++++++++++++Route IPv6 info+++++++++++++++++++
[   10.222025] cloud-init[702]: ci-info: +-------+-------------+---------+-----------+-------+
[   10.223772] cloud-init[702]: ci-info: | Route | Destination | Gateway | Interface | Flags |
[   10.225897] cloud-init[702]: ci-info: +-------+-------------+---------+-----------+-------+
[   10.227714] cloud-init[702]: ci-info: |   1   |  fe80::/64  |    ::   |   enp0s8  |   U   |
[   10.229462] cloud-init[702]: ci-info: |   2   |  fe80::/64  |    ::   |   enp0s3  |   U   |
[   10.231569] cloud-init[702]: ci-info: |   4   |    local    |    ::   |   enp0s3  |   U   |
[   10.233813] cloud-init[702]: ci-info: |   5   |    local    |    ::   |   enp0s8  |   U   |
[   10.236191] cloud-init[702]: ci-info: |   6   |   ff00::/8  |    ::   |   enp0s8  |   U   |
[   10.238362] cloud-init[702]: ci-info: |   7   |   ff00::/8  |    ::   |   enp0s3  |   U   |
[   10.240609] cloud-init[702]: ci-info: +-------+-------------+---------+-----------+-------+
[[0;32m  OK  [0m] Finished [0;1;39mInitial cloud-iniob (metadata service crawler)[0m.
[[0;32m  OK  [0m] Reached target [0;1;39mCloud-config availability[0m.
[[0;32m  OK  [0m] Reached target [0;1;39mNetwork is Online[0m.
[[0;32m  OK  [0m] Reached target [0;1;39mSystem Initialization[0m.
[[0;32m  OK  [0m] Started [0;1;39mDaily apt download activities[0m.
[[0;32m  OK  [0m] Started [0;1;39mDaily apt upgrade and clean activities[0m.
[[0;32m  OK  [0m] Started [0;1;39mPeriodic ext4 Onliata Check for All Filesystems[0m.
[[0;32m  OK  [0m] Started [0;1;39mDiscard unused blocks once a week[0m.
[[0;32m  OK  [0m] Started [0;1;39mRefresh fwupd metadata regularly[0m.
[[0;32m  OK  [0m] Started [0;1;39mDaily rotation of log files[0m.
[[0;32m  OK  [0m] Started [0;1;39mDaily man-db regeneration[0m.
[[0;32m  OK  [0m] Started [0;1;39mMessage of the Day[0m.
[[0;32m  OK  [0m] Started [0;1;39mDaily Cleanup of Temporary Directories[0m.
[[0;32m  OK  [0m] Reached target [0;1;39mPaths[0m.
[[0;32m  OK  [0m] Reached target [0;1;39mTimers[0m.
[[0;32m  OK  [0m] Listening on [0;1;39mD-Bus System Message Bus Socket[0m.
[[0;32m  OK  [0m] Listening on [0;1;39mOpen-iSCSI iscsid Socket[0m.
[[0;32m  OK  [0m] Listening on [0;1;39mSocket unix for snap application lxd.daemon[0m.
         Starting [0;1;39mSocket activation for snappy daemon[0m.
[[0;32m  OK  [0m] Listening on [0;1;39mUUID daemon activation socket[0m.
[[0;32m  OK  [0m] Reached target [0;1;39mRemote File Systems (Pre)[0m.
[[0;32m  OK  [0m] Reached target [0;1;39mRemote File Systems[0m.
         Starting [0;1;39mAvailability of block devices[0m...
[[0;32m  OK  [0m] Listening on [0;1;39mSocket activation for snappy daemon[0m.
[[0;32m  OK  [0m] Finished [0;1;39mAvailability of block devices[0m.
[[0;32m  OK  [0m] Reached target [0;1;39mSockets[0m.
[[0;32m  OK  [0m] Reached target [0;1;39mBasic System[0m.
         Starting [0;1;39mAccounts Service[0m...
         Starting [0;1;39mLSB: automatic crash report generation[0m...
         Starting [0;1;39mDeferred execution scheduler[0m...
[[0;32m  OK  [0m] Started [0;1;39mRegular background program processing daemon[0m.
[[0;32m  OK  [0m] Started [0;1;39mD-Bus System Message Bus[0m.
[[0;32m  OK  [0m] Started [0;1;39mSave initial kernel messages after boot[0m.
         Starting [0;1;39mRemove Stale Onlit4 Metadata Check Snapshots[0m...
         Starting [0;1;39mLSB: Record successful boot for GRUB[0m...
         Starting [0;1;39mGRUB failed boot detection[0m...
[[0;32m  OK  [0m] Started [0;1;39mirqbalance daemon[0m.
         Starting [0;1;39mDispatcher daemon for systemd-networkd[0m...
[[0;32m  OK  [0m] Started [0;1;39mntp-systemd-netif.service[0m.
         Starting [0;1;39mNetwork Time Service[0m...
         Starting [0;1;39mSystem Logging Service[0m...
         Starting [0;1;39mService for snap application lxd.activate[0m...
         Starting [0;1;39mSnap Daemon[0m...
         Starting [0;1;39mOpenBSD Secure Shell server[0m...
         Starting [0;1;39mLogin Service[0m...
         Starting [0;1;39mPermit User Sessions[0m...
         Starting [0;1;39mVirtualbox guest utils[0m...
         Starting [0;1;39mRotate log files[0m...
         Starting [0;1;39mDaily man-db regeneration[0m...
[[0;32m  OK  [0m] Started [0;1;39mDeferred execution scheduler[0m.
[[0;32m  OK  [0m] Finished [0;1;39mRemove Stale Onliext4 Metadata Check Snapshots[0m.
[[0;32m  OK  [0m] Started [0;1;39mNetwork Time Service[0m.
[[0;32m  OK  [0m] Finished [0;1;39mPermit User Sessions[0m.
[[0;32m  OK  [0m] Finished [0;1;39mGRUB failed boot detection[0m.
[[0;32m  OK  [0m] Started [0;1;39mSystem Logging Service[0m.
[[0;32m  OK  [0m] Started [0;1;39mLSB: automatic crash report generation[0m.
[[0;32m  OK  [0m] Started [0;1;39mLSB: Record successful boot for GRUB[0m.
         Starting [0;1;39mHold until boot process finishes up[0m...
         Starting [0;1;39mTerminate Plymouth Boot Screen[0m...
[[0;32m  OK  [0m] Finished [0;1;39mHold until boot process finishes up[0m.
[[0;32m  OK  [0m] Finished [0;1;39mTerminate Plymouth Boot Screen[0m.
[[0;32m  OK  [0m] Started [0;1;39mOpenBSD Secure Shell server[0m.
[[0;32m  OK  [0m] Started [0;1;39mSerial Getty on ttyS0[0m.
         Starting [0;1;39mSet console scheme[0m...
[[0;32m  OK  [0m] Finished [0;1;39mSet console scheme[0m.
[[0;32m  OK  [0m] Created slice [0;1;39msystem-getty.slice[0m.
[[0;32m  OK  [0m] Started [0;1;39mGetty on tty1[0m.
[[0;32m  OK  [0m] Reached target [0;1;39mLogin Prompts[0m.
[[0;32m  OK  [0m] Started [0;1;39mLogin Service[0m.
[[0;32m  OK  [0m] Started [0;1;39mUnattended Upgrades Shutdown[0m.
[[0;32m  OK  [0m] Started [0;1;39mDispatcher daemon for systemd-networkd[0m.
[[0;32m  OK  [0m] Started [0;1;39mVirtualbox guest utils[0m.
         Starting [0;1;39mAuthorization Manager[0m...
[[0;32m  OK  [0m] Started [0;1;39mAuthorization Manager[0m.
[[0;32m  OK  [0m] Started [0;1;39mAccounts Service[0m.
[[0;32m  OK  [0m] Finished [0;1;39mRotate log files[0m.
[[0;32m  OK  [0m] Finished [0;1;39mDaily man-db regeneration[0m.
[[0;32m  OK  [0m] Started [0;1;39mSnap Daemon[0m.
         Starting [0;1;39mWait until snapd is fully seeded[0m...
[[0;32m  OK  [0m] Finished [0;1;39mWait until snapd is fully seeded[0m.
         Starting [0;1;39mApply the settings specified in cloud-config[0m...
[[0;32m  OK  [0m] Finished [0;1;39mService for snap application lxd.activate[0m.
[[0;32m  OK  [0m] Reached target [0;1;39mMulti-User System[0m.
[[0;32m  OK  [0m] Reached target [0;1;39mGraphical Interface[0m.
         Starting [0;1;39mUpdate UTMP about System Runlevel Changes[0m...
[[0;32m  OK  [0m] Finished [0;1;39mUpdate UTMP about System Runlevel Changes[0m.
[   12.965973] cloud-init[974]: Cloud-init v. 20.1-10-g71af48df-0ubuntu5 running 'modules:config' at Sun, 23 Aug 2020 21:17:22 +0000. Up 12.88 seconds.
[[0;32m  OK  [0m] Finished [0;1;39mApply the settings specified in cloud-config[0m.
         Starting [0;1;39mExecute cloud user/final scripts[0m...
[   13.465344] cloud-init[981]: Cloud-init v. 20.1-10-g71af48df-0ubuntu5 running 'modules:final' at Sun, 23 Aug 2020 21:17:22 +0000. Up 13.37 seconds.
[   13.468069] cloud-init[981]: Cloud-init v. 20.1-10-g71af48df-0ubuntu5 finished at Sun, 23 Aug 2020 21:17:22 +0000. Datasource DataSourceNoCloud [seed=/dev/sdb][dsmode=net].  Up 13.45 seconds
[[0;32m  OK  [0m] Finished [0;1;39mExecute cloud user/final scripts[0m.
[[0;32m  OK  [0m] Reached target [0;1;39mCloud-init target[0m.

Ubuntu 20.04 LTS ubuntu-focal ttyS0

ubuntu-focal login: 